<?xml version="1.0" encoding="UTF-8"?>
<testsuite xmlns:xsi="http://www.w3.org/2001/XMLSchema-instance" xsi:noNamespaceSchemaLocation="https://maven.apache.org/surefire/maven-surefire-plugin/xsd/surefire-test-report-3.0.xsd" version="3.0" name="test.java.ull.app.LogroBombaTest" time="2.986" tests="5" errors="0" skipped="0" failures="0">
  <properties>
[...]
</properties>
  <testcase name="testOnEventDoesNotUnlockForOtherEvents" classname="test.java.ull.app.LogroBombaTest" time="0.014"/>
  <testcase name="testShowNotificationAfterUnlock" classname="test.java.ull.app.LogroBombaTest" time="2.755"/>
  <testcase name="testInitialState" classname="test.java.ull.app.LogroBombaTest" time="0.002"/>
  <testcase name="testOnEventDoesNotUnlockIfBombsEatenIsZero" classname="test.java.ull.app.LogroBombaTest" time="0.001"/>
  <testcase name="testOnEventUnlocksAchievement" classname="test.java.ull.app.LogroBombaTest" time="0.197"/>
</testsuite>