<?xml version="1.0" encoding="UTF-8"?>
<testsuite xmlns:xsi="http://www.w3.org/2001/XMLSchema-instance" xsi:noNamespaceSchemaLocation="https://maven.apache.org/surefire/maven-surefire-plugin/xsd/surefire-test-report.xsd" version="3.0.1" name="test.java.ull.app.LogroFantasmaTest" time="4.335" tests="5" errors="0" skipped="0" failures="0">
  <properties>
[...]
</properties>
  <testcase name="testOnEventDoesNotUnlockForOtherEvents" classname="test.java.ull.app.LogroFantasmaTest" time="0.007"/>
  <testcase name="testShowNotificationAfterUnlock" classname="test.java.ull.app.LogroFantasmaTest" time="2.158"/>
  <testcase name="testInitialState" classname="test.java.ull.app.LogroFantasmaTest" time="0.002"/>
  <testcase name="testOnEventUnlocksAchievementWithZeroGhosts" classname="test.java.ull.app.LogroFantasmaTest" time="1.082"/>
  <testcase name="testOnEventUnlocksAchievement" classname="test.java.ull.app.LogroFantasmaTest" time="1.073"/>
</testsuite>